<?xml version="1.0" encoding="UTF-8"?>
<coverage generated="1530365534">
  <project timestamp="1530365534">
    <package name="detox\core">
      <file name="/srv/detox/src/core/Phrases.php">
        <class name="detox\core\Phrases" namespace="detox\core">
          <metrics complexity="5" methods="1" coveredmethods="1" conditionals="0" coveredconditionals="0" statements="9" coveredstatements="9" elements="10" coveredelements="10"/>
        </class>
        <line num="10" type="method" name="processPhrases" visibility="public" complexity="5" crap="5" count="1"/>
        <line num="13" type="stmt" count="1"/>
        <line num="18" type="stmt" count="1"/>
        <line num="19" type="stmt" count="1"/>
        <line num="20" type="stmt" count="1"/>
        <line num="21" type="stmt" count="1"/>
        <line num="23" type="stmt" count="1"/>
        <line num="24" type="stmt" count="1"/>
        <line num="27" type="stmt" count="1"/>
        <line num="31" type="stmt" count="1"/>
        <metrics loc="31" ncloc="20" classes="1" methods="1" coveredmethods="1" conditionals="0" coveredconditionals="0" statements="9" coveredstatements="9" elements="10" coveredelements="10"/>
      </file>
      <file name="/srv/detox/src/core/Words.php">
        <class name="detox\core\Words" namespace="detox\core">
          <metrics complexity="14" methods="7" coveredmethods="7" conditionals="0" coveredconditionals="0" statements="25" coveredstatements="25" elements="32" coveredelements="32"/>
        </class>
        <line num="24" type="method" name="__construct" visibility="public" complexity="1" crap="1" count="5"/>
        <line num="26" type="stmt" count="5"/>
        <line num="27" type="stmt" count="5"/>
        <line num="32" type="method" name="processWords" visibility="public" complexity="5" crap="5" count="2"/>
        <line num="35" type="stmt" count="2"/>
        <line num="40" type="stmt" count="2"/>
        <line num="41" type="stmt" count="2"/>
        <line num="42" type="stmt" count="2"/>
        <line num="43" type="stmt" count="2"/>
        <line num="45" type="stmt" count="2"/>
        <line num="46" type="stmt" count="1"/>
        <line num="49" type="stmt" count="2"/>
        <line num="53" type="stmt" count="2"/>
        <line num="58" type="method" name="processPatterns" visibility="public" complexity="4" crap="4" count="2"/>
        <line num="60" type="stmt" count="2"/>
        <line num="61" type="stmt" count="2"/>
        <line num="62" type="stmt" count="2"/>
        <line num="63" type="stmt" count="1"/>
        <line num="64" type="stmt" count="1"/>
        <line num="65" type="stmt" count="1"/>
        <line num="66" type="stmt" count="1"/>
        <line num="68" type="stmt" count="2"/>
        <line num="73" type="method" name="setData" visibility="public" complexity="1" crap="1" count="1"/>
        <line num="75" type="stmt" count="1"/>
        <line num="76" type="stmt" count="1"/>
        <line num="81" type="method" name="getScore" visibility="public" complexity="1" crap="1" count="5"/>
        <line num="83" type="stmt" count="5"/>
        <line num="89" type="method" name="setScore" visibility="public" complexity="1" crap="1" count="3"/>
        <line num="91" type="stmt" count="3"/>
        <line num="92" type="stmt" count="3"/>
        <line num="98" type="method" name="addLowSpaces" visibility="protected" complexity="1" crap="1" count="5"/>
        <line num="100" type="stmt" count="5"/>
        <metrics loc="101" ncloc="69" classes="1" methods="7" coveredmethods="7" conditionals="0" coveredconditionals="0" statements="25" coveredstatements="25" elements="32" coveredelements="32"/>
      </file>
    </package>
    <package name="detox\dataset">
      <file name="/srv/detox/src/dataset/EnglishSet.php">
        <class name="detox\dataset\EnglishSet" namespace="detox\dataset">
          <metrics complexity="2" methods="2" coveredmethods="2" conditionals="0" coveredconditionals="0" statements="2" coveredstatements="2" elements="4" coveredelements="4"/>
        </class>
        <line num="56" type="method" name="getWords" visibility="public" complexity="1" crap="1" count="2"/>
        <line num="58" type="stmt" count="2"/>
        <line num="61" type="method" name="getPhrases" visibility="public" complexity="1" crap="1" count="1"/>
        <line num="63" type="stmt" count="1"/>
        <metrics loc="64" ncloc="57" classes="1" methods="2" coveredmethods="2" conditionals="0" coveredconditionals="0" statements="2" coveredstatements="2" elements="4" coveredelements="4"/>
      </file>
    </package>
    <file name="/srv/detox/src/dataset/SetContract.php">
      <metrics loc="11" ncloc="11" classes="0" methods="0" coveredmethods="0" conditionals="0" coveredconditionals="0" statements="0" coveredstatements="0" elements="0" coveredelements="0"/>
    </file>
    <metrics files="4" loc="207" ncloc="157" classes="3" methods="10" coveredmethods="10" conditionals="0" coveredconditionals="0" statements="36" coveredstatements="36" elements="46" coveredelements="46"/>
  </project>
</coverage>
